<?xml version="1.0" encoding="UTF-8"?>
<!-- Generated by org.testng.reporters.JUnitXMLReporter -->
<testsuite hostname="WKWCO5101768" ignored="0" name="Comment" tests="6" failures="0" timestamp="11 mar 2021 14:57:06 GMT" time="6.266" errors="0">
  <testcase name="BcreateComment" time="0.703" classname="Test.CommentTest"/>
  <testcase name="CeditArticleSucess" time="0.863" classname="Test.CommentTest"/>
  <testcase name="DgetCommentsFromUser" time="0.711" classname="Test.CommentTest"/>
  <testcase name="FgetOneComment" time="0.718" classname="Test.CommentTest"/>
  <testcase name="deleteArticleSuccess" time="0.987" classname="Test.CommentTest"/>
  <testcase name="invalidUsertoCreate" time="0.652" classname="Test.CommentTest"/>
</testsuite> <!-- Comment -->
