<?xml version="1.0" encoding="UTF-8"?>
<!-- Generated by org.testng.reporters.JUnitXMLReporter -->
<testsuite hostname="WKWCO5101768" ignored="0" name="Post" tests="5" failures="0" timestamp="26 feb 2021 23:25:51 GMT" time="13.771" errors="0">
  <testcase name="createPostSucess" time="5.679" classname="Post.PostTest"/>
  <testcase name="deleteArticleSuccess" time="1.386" classname="Post.PostTest"/>
  <testcase name="editPostSucess" time="1.41" classname="Post.PostTest"/>
  <testcase name="getAllArticlesFromUser" time="1.818" classname="Post.PostTest"/>
  <testcase name="getOneArticle" time="1.249" classname="Post.PostTest"/>
</testsuite> <!-- Post -->
