<?xml version="1.0" encoding="UTF-8"?>
<!-- Generated by org.testng.reporters.JUnitXMLReporter -->
<testsuite hostname="WKWCO5101768" ignored="0" name="Test" tests="7" failures="0" timestamp="11 mar 2021 14:56:59 GMT" time="13.602" errors="0">
  <testcase name="AinvalidEditionPost" time="2.811" classname="Test.PostTest"/>
  <testcase name="createPostSucess" time="1.826" classname="Test.PostTest"/>
  <testcase name="deleteArticleSuccess" time="1.53" classname="Test.PostTest"/>
  <testcase name="editPostSucess" time="1.507" classname="Test.PostTest"/>
  <testcase name="getAllArticlesFromUser" time="1.416" classname="Test.PostTest"/>
  <testcase name="getOneArticle" time="1.512" classname="Test.PostTest"/>
  <testcase name="invalidTokenCantCreateNewPost" time="0.565" classname="Test.PostTest"/>
</testsuite> <!-- Test -->
